0 info it worked if it ends with ok
1 verbose cli [ '/usr/local/bin/node', '/usr/local/bin/npm', 'publish' ]
2 info using npm@3.10.3
3 info using node@v6.6.0
4 verbose publish [ '.' ]
5 silly cache add args [ '.', null ]
6 verbose cache add spec .
7 silly cache add parsed spec Result {
7 silly cache add   raw: '.',
7 silly cache add   scope: null,
7 silly cache add   escapedName: null,
7 silly cache add   name: null,
7 silly cache add   rawSpec: '.',
7 silly cache add   spec: '/Users/arielsaldana/Desktop/GitHub/sortme',
7 silly cache add   type: 'directory' }
8 verbose addLocalDirectory /Users/arielsaldana/.npm/sortme/0.0.1/package.tgz not in flight; packing
9 verbose correctMkdir /Users/arielsaldana/.npm correctMkdir not in flight; initializing
10 info lifecycle sortme@0.0.1~prepublish: sortme@0.0.1
11 silly lifecycle sortme@0.0.1~prepublish: no script for prepublish, continuing
12 verbose tar pack [ '/Users/arielsaldana/.npm/sortme/0.0.1/package.tgz',
12 verbose tar pack   '/Users/arielsaldana/Desktop/GitHub/sortme' ]
13 verbose tarball /Users/arielsaldana/.npm/sortme/0.0.1/package.tgz
14 verbose folder /Users/arielsaldana/Desktop/GitHub/sortme
15 verbose addLocalTarball adding from inside cache /Users/arielsaldana/.npm/sortme/0.0.1/package.tgz
16 verbose correctMkdir /Users/arielsaldana/.npm correctMkdir not in flight; initializing
17 silly cache afterAdd sortme@0.0.1
18 verbose afterAdd /Users/arielsaldana/.npm/sortme/0.0.1/package/package.json not in flight; writing
19 verbose correctMkdir /Users/arielsaldana/.npm correctMkdir not in flight; initializing
20 verbose afterAdd /Users/arielsaldana/.npm/sortme/0.0.1/package/package.json written
21 silly publish { name: 'sortme',
21 silly publish   version: '0.0.1',
21 silly publish   description: 'Simple sorting library written in ES6',
21 silly publish   main: 'sortme.class.js',
21 silly publish   scripts: { build: 'node node_modules/webpack/bin/webpack --watch' },
21 silly publish   devDependencies:
21 silly publish    { webpack: '^1.14.0',
21 silly publish      'babel-core': '^6.21.0',
21 silly publish      'babel-loader': '^6.2.10',
21 silly publish      'babel-preset-es2015': '^6.18.0',
21 silly publish      express: '*' },
21 silly publish   keywords:
21 silly publish    [ 'es6',
21 silly publish      'sorting',
21 silly publish      'library',
21 silly publish      'sort',
21 silly publish      'quicksort',
21 silly publish      'mergesort',
21 silly publish      'selectionsort' ],
21 silly publish   author: { name: 'Ariel Saldana' },
21 silly publish   license: 'MIT',
21 silly publish   directories: { example: 'examples' },
21 silly publish   dependencies: {},
21 silly publish   repository:
21 silly publish    { type: 'git',
21 silly publish      url: 'git+https://github.com/ArielSaldana/sortme.git' },
21 silly publish   bugs: { url: 'https://github.com/ArielSaldana/sortme/issues' },
21 silly publish   homepage: 'https://github.com/ArielSaldana/sortme#readme',
21 silly publish   readme: '# sortme \nSimple sorting library written in es6, available as NodeJS module and in browser.\n\n## Installation\n\n### node js :\n`npm install sortme` \n\n### browser :\n\ndownload the source at `./build/sortme.js`\n\n## Usage\n\n\n\n```\nvar testArray = [5,1,8,7,2,9,3,0,4,6];\n\nvar mergeSort = new sortme.MergeSort(testArray);\nmergeSort.Sort();\n\n```',
21 silly publish   readmeFilename: 'readme.md',
21 silly publish   gitHead: 'c90303ee8726e5b4df85f1b81f43e75e528280cb',
21 silly publish   _id: 'sortme@0.0.1',
21 silly publish   _shasum: '5cc1c5d41952fccbd44462088c1cbc2fe01c4af8',
21 silly publish   _from: '.' }
22 verbose getPublishConfig undefined
23 silly mapToRegistry name sortme
24 silly mapToRegistry using default registry
25 silly mapToRegistry registry https://registry.npmjs.org/
26 silly mapToRegistry data Result {
26 silly mapToRegistry   raw: 'sortme',
26 silly mapToRegistry   scope: null,
26 silly mapToRegistry   escapedName: 'sortme',
26 silly mapToRegistry   name: 'sortme',
26 silly mapToRegistry   rawSpec: '',
26 silly mapToRegistry   spec: 'latest',
26 silly mapToRegistry   type: 'tag' }
27 silly mapToRegistry uri https://registry.npmjs.org/sortme
28 verbose publish registryBase https://registry.npmjs.org/
29 silly publish uploading /Users/arielsaldana/.npm/sortme/0.0.1/package.tgz
30 verbose request uri https://registry.npmjs.org/sortme
31 verbose request sending authorization for write operation
32 info attempt registry request try #1 at 1:03:37 PM
33 verbose request using bearer token for auth
34 verbose request id 53fe857c66664ee7
35 http request PUT https://registry.npmjs.org/sortme
36 http 403 https://registry.npmjs.org/sortme
37 verbose headers { 'content-type': 'application/json',
37 verbose headers   'cache-control': 'max-age=300',
37 verbose headers   'content-length': '95',
37 verbose headers   'accept-ranges': 'bytes',
37 verbose headers   date: 'Sun, 12 Feb 2017 18:03:40 GMT',
37 verbose headers   via: '1.1 varnish',
37 verbose headers   connection: 'keep-alive',
37 verbose headers   'x-served-by': 'cache-yul8925-YUL',
37 verbose headers   'x-cache': 'MISS',
37 verbose headers   'x-cache-hits': '0',
37 verbose headers   'x-timer': 'S1486922619.982354,VS0,VE410',
37 verbose headers   vary: 'Accept-Encoding' }
38 verbose request invalidating /Users/arielsaldana/.npm/registry.npmjs.org/sortme on PUT
39 error publish Failed PUT 403
40 verbose stack Error: "You cannot publish over the previously published version 0.0.1." : sortme
40 verbose stack     at makeError (/usr/local/lib/node_modules/npm/node_modules/npm-registry-client/lib/request.js:264:12)
40 verbose stack     at CachingRegistryClient.<anonymous> (/usr/local/lib/node_modules/npm/node_modules/npm-registry-client/lib/request.js:252:14)
40 verbose stack     at Request._callback (/usr/local/lib/node_modules/npm/node_modules/npm-registry-client/lib/request.js:172:14)
40 verbose stack     at Request.self.callback (/usr/local/lib/node_modules/npm/node_modules/request/request.js:200:22)
40 verbose stack     at emitTwo (events.js:106:13)
40 verbose stack     at Request.emit (events.js:191:7)
40 verbose stack     at Request.<anonymous> (/usr/local/lib/node_modules/npm/node_modules/request/request.js:1067:10)
40 verbose stack     at emitOne (events.js:101:20)
40 verbose stack     at Request.emit (events.js:188:7)
40 verbose stack     at IncomingMessage.<anonymous> (/usr/local/lib/node_modules/npm/node_modules/request/request.js:988:12)
41 verbose statusCode 403
42 verbose pkgid sortme
43 verbose cwd /Users/arielsaldana/Desktop/GitHub/sortme
44 error Darwin 16.4.0
45 error argv "/usr/local/bin/node" "/usr/local/bin/npm" "publish"
46 error node v6.6.0
47 error npm  v3.10.3
48 error code E403
49 error "You cannot publish over the previously published version 0.0.1." : sortme
50 error If you need help, you may report this error at:
50 error     <https://github.com/npm/npm/issues>
51 verbose exit [ 1, true ]
